<?xml version="1.0" encoding="UTF-8"?>
<!-- Generated by org.testng.reporters.JUnitReportReporter -->
<testsuite hostname="CS-LP-619" failures="0" tests="3" name="SampleTest.Sample" time="49.044" errors="0" timestamp="2022-03-16T05:30:12 PDT" skipped="0">
  <testcase classname="SampleTest.Sample" name="VerifyLogoAnticipation" time="17.987"/>
  <system-out/>
  <testcase classname="SampleTest.Sample" name="VerifyWebTableAnticipatedContent" time="15.951"/>
  <system-out/>
  <testcase classname="SampleTest.Sample" name="VerifyrMostAnticipatedContentBtn" time="15.106"/>
  <system-out/>
</testsuite> <!-- SampleTest.Sample -->
