<?xml version="1.0" encoding="UTF-8"?>
<!-- Generated by org.testng.reporters.JUnitReportReporter -->
<testsuite hostname="CS-LP-619" failures="0" tests="8" name="DieselLabsSmoke.SmokeTest" time="24.487" errors="0" timestamp="2022-03-24T04:11:51 PDT" skipped="0">
  <testcase classname="DieselLabsSmoke.SmokeTest" name="VerifyAttentionIndexLink" time="8.879"/>
  <system-out/>
  <testcase classname="DieselLabsSmoke.SmokeTest" name="VerifyCalendarLink" time="5.635"/>
  <system-out/>
  <testcase classname="DieselLabsSmoke.SmokeTest" name="verifyLogoNetworkAndPlatformsDropdown" time="1.916"/>
  <system-out/>
  <testcase classname="DieselLabsSmoke.SmokeTest" name="VerifyLibraryPage" time="1.847"/>
  <system-out/>
  <testcase classname="DieselLabsSmoke.SmokeTest" name="VerifyCatalogCompare" time="1.266"/>
  <system-out/>
  <testcase classname="DieselLabsSmoke.SmokeTest" name="VerifyAudienceLift" time="1.426"/>
  <system-out/>
  <testcase classname="DieselLabsSmoke.SmokeTest" name="VerifyAudienceDriverPage" time="0.708"/>
  <system-out/>
  <testcase classname="DieselLabsSmoke.SmokeTest" name="VerifyAttentionTrackerPage" time="2.810"/>
  <system-out/>
</testsuite> <!-- DieselLabsSmoke.SmokeTest -->
