<?xml version="1.0" encoding="UTF-8"?>
<!-- Generated by org.testng.reporters.JUnitReportReporter -->
<testsuite hostname="CS-LP-619" failures="0" tests="3" name="DieselLabsSmoke.AttentionIndex" time="48.494" errors="0" timestamp="2022-03-16T23:25:40 PDT" skipped="0">
  <testcase classname="DieselLabsSmoke.AttentionIndex" name="VerifyLogoAnticipation" time="17.341"/>
  <system-out/>
  <testcase classname="DieselLabsSmoke.AttentionIndex" name="VerifyWebTableAnticipatedContent" time="15.269"/>
  <system-out/>
  <testcase classname="DieselLabsSmoke.AttentionIndex" name="VerifyrMostAnticipatedContentBtn" time="15.884"/>
  <system-out/>
</testsuite> <!-- DieselLabsSmoke.AttentionIndex -->
